[2017-11-29T13:25:53.826] [ERROR] cheese - Entering cheese testing
[2017-11-29T13:51:38.630] [ERROR] cheese - Entering cheese testing
[2017-11-29T14:15:49.412] [ERROR] cheese - Entering cheese testing
[2017-11-29T14:17:20.231] [ERROR] cheese - Entering cheese testing
[2017-11-29T14:19:23.728] [ERROR] cheese - Entering cheese testing
[2017-11-29T14:20:42.480] [ERROR] cheese - Entering cheese testing
[2017-11-29T14:21:53.856] [ERROR] cheese - Entering cheese testing
[2017-11-29T14:22:32.183] [ERROR] cheese - Entering cheese testing
[2017-11-29T14:23:44.406] [ERROR] cheese - Entering cheese testing
[2017-11-29T14:25:03.127] [ERROR] cheese - Entering cheese testing
[2017-11-29T14:29:54.885] [ERROR] cheese - Entering cheese testing
[2017-11-29T15:39:05.702] [ERROR] cheese - Entering cheese testing
[2017-11-29T15:52:02.871] [ERROR] cheese - Entering cheese testing
[2017-11-29T17:17:41.550] [ERROR] cheese - Entering cheese testing
[2017-11-29T17:18:40.555] [ERROR] cheese - b3c1650c7638eec7016f24de3c1c89475d786361
[2017-11-29T17:22:27.483] [ERROR] cheese - Entering cheese testing
[2017-11-29T17:23:31.094] [ERROR] cheese - Entering cheese testing
[2017-11-29T18:01:56.102] [ERROR] cheese - b3c1650c7638eec7016f24de3c1c89475d786361
[2017-11-29T19:16:20.383] [ERROR] cheese - b3c1650c7638eec7016f24de3c1c89475d786361
[2017-11-29T19:16:21.823] [ERROR] cheese - b3c1650c7638eec7016f24de3c1c89475d786361
[2017-11-29T19:16:22.068] [ERROR] cheese - b3c1650c7638eec7016f24de3c1c89475d786361
[2017-11-29T19:27:08.001] [ERROR] cheese - b3c1650c7638eec7016f24de3c1c89475d786361
[2017-11-29T19:27:15.297] [ERROR] cheese - b3c1650c7638eec7016f24de3c1c89475d786361
[2017-11-29T19:27:16.135] [ERROR] cheese - b3c1650c7638eec7016f24de3c1c89475d786361
[2017-11-29T19:27:32.712] [ERROR] cheese - b3c1650c7638eec7016f24de3c1c89475d786361
[2018-04-01T14:19:01.692] [ERROR] cheese - ca0b20c3f54af35578cf4a7f5b482ed940053087
[2018-04-01T14:19:01.705] [ERROR] cheese - 49b50aa8ac4b11bbf39b5c43b86edb0d131bb7ec
[2018-04-01T14:19:03.635] [ERROR] cheese - 71ffcb3eba3c4fa51bcd6cb6a4ee62db908c732d
[2018-04-01T14:19:31.954] [ERROR] cheese - b3c1650c7638eec7016f24de3c1c89475d786361
[2018-04-01T14:19:52.001] [ERROR] cheese - a5fad464518344d993c8d5c0887c6832d44e68e4
[2018-04-01T14:19:54.209] [ERROR] cheese - f5d291399d8ccb9b424da60bf9c3e8981e755226
[2018-04-01T14:20:08.013] [ERROR] cheese - 856dfa5c003b64825ec6c46e141eee1f6cc14c93
[2018-04-01T14:20:10.678] [ERROR] cheese - 538303191ee3342187e3ca728422b6e4733d03f8
[2018-04-01T14:20:19.617] [ERROR] cheese - 008f4a8a986f4754f6791d07d20331d6948f3003
[2018-04-01T14:20:19.618] [ERROR] cheese - d4ed0289b98e6a69c81a0a1bbc5176d3f8726bef
[2018-04-01T14:20:19.619] [ERROR] cheese - 0b6bb2b8cba1bdccc9340a3dcabf4924dafa1ec9
[2018-04-01T14:21:11.752] [ERROR] cheese - b3c1650c7638eec7016f24de3c1c89475d786361
[2018-04-01T14:21:21.964] [ERROR] cheese - b3c1650c7638eec7016f24de3c1c89475d786361
[2018-04-01T14:22:07.155] [ERROR] cheese - b3c1650c7638eec7016f24de3c1c89475d786361
[2018-04-01T14:22:15.284] [ERROR] cheese - 2cbaf5113d2ab7ee02a87f1e7a5685d6bd8ac380
[2018-04-01T14:22:25.530] [ERROR] cheese - 3a3834f12df1ff5a9273d042e7f0472ad582b72e
[2018-04-01T14:22:26.833] [ERROR] cheese - 87db3b737143e7e5b226054fc11edfc8fd0b3da5
[2018-04-01T14:22:26.833] [ERROR] cheese - e9d16c1bf82936626e9b9b6d9cc909720a65def0
[2018-04-01T14:22:32.356] [ERROR] cheese - a285e994a7112a0d344c443d5e3ff1e97b6e940c
[2018-04-01T14:22:32.357] [ERROR] cheese - a01fc8155f22838896c1617a3e70a45251d10943
[2018-04-01T14:22:32.359] [ERROR] cheese - 3881f3b40b0d88d0eccc0b679056347e8f7ca9d5
[2018-04-01T14:22:32.361] [ERROR] cheese - 949a1ced167138bf514f35a104d2629ca14f0da3
[2018-04-01T14:22:32.387] [ERROR] cheese - fc04a3d850fd9225a5e69e196040957052d4ce0c
[2018-04-01T14:22:32.387] [ERROR] cheese - 876b32d13c3ff972df25a146d2cb33db34bf93db
[2018-04-01T14:22:32.389] [ERROR] cheese - 78ca4c730f4b57f0ce7c7eb2844713a31d877fa9
[2018-04-01T14:22:33.812] [ERROR] cheese - 65700069296f2d2a4c18321e6f75d6ddb3ba7137
[2018-04-01T14:22:33.813] [ERROR] cheese - 0114c16a8d17c0edfb3418b8054e1f625ecd6d66
[2018-04-01T14:22:35.529] [ERROR] cheese - c12beb1f9e4fa645dd7a7a822383af964d967148
[2018-04-01T14:22:38.403] [ERROR] cheese - b7c8273440cac9ba5a4cf42c649a263b14059b2a
[2018-04-01T14:22:38.404] [ERROR] cheese - 96017984138e6ecebf1e9253fc8d5b117f9e0ba9
[2018-04-01T14:22:38.404] [ERROR] cheese - e57018f201ea0b375ee9d1a23f385c2bd038c1a4
[2018-04-01T14:22:38.405] [ERROR] cheese - 545c4797131868fcfdda8213fb973b67497db4c3
[2018-04-01T14:22:38.406] [ERROR] cheese - 6b216e7e681a5bacae872c55a96f3ffc12bcb5e7
[2018-04-01T14:22:49.297] [ERROR] cheese - 92773604e2a92ae8e7b6cb344accf076691a3b3e
[2018-04-01T14:22:49.298] [ERROR] cheese - fe9169fa78afaf6ecd42b1417af406ef58f3a46a
[2018-04-01T14:22:49.299] [ERROR] cheese - 4722355e2548027e875ce9c73af76d302886a669
[2018-04-01T14:22:49.300] [ERROR] cheese - 2d6483fdd469ae986175275aba0c1b380d30c95f
[2018-04-01T14:22:52.497] [ERROR] cheese - 69f810ea1075f2b18c9b46f4c60f0946b6a36854
[2018-04-01T14:22:52.497] [ERROR] cheese - 01ceca3cd4f59e823a2cb0bc6e6bffeb03de5e37
[2018-04-01T14:22:52.498] [ERROR] cheese - 05c25e12c4a7e8c5ca6abed5d424231037f686b5
[2018-04-01T14:22:52.500] [ERROR] cheese - 3e326edb144f67aa1463a81281df06be83f49890
[2018-04-01T14:22:52.501] [ERROR] cheese - 42ae0e361c8b2ed9f95f256328206d485b7eae02
[2018-04-01T14:22:52.501] [ERROR] cheese - c60122425ca2c6a3f218bdb6ff4809acc925910c
[2018-04-01T14:22:54.369] [ERROR] cheese - e512b20139465301bd3731028aa8d6997f9a3cd7
[2018-04-01T14:22:54.382] [ERROR] cheese - 498088e7a0ce19d7aef2673a60b15184a08914d3
[2018-04-01T14:22:55.460] [ERROR] cheese - e17194d9905e6a92649888bc1df42e6d23ac7d71
[2018-04-01T14:22:55.460] [ERROR] cheese - b7e4f435f72e7a6998b1132b1794b082760aaa5c
[2018-04-01T14:22:55.461] [ERROR] cheese - a7af0e719409110e2c24cef8e744599cd402f7f6
[2018-04-01T14:22:55.461] [ERROR] cheese - 6cd19d0292c6c1b116672a900e5108aecf18b5a2
[2018-04-01T14:22:55.462] [ERROR] cheese - 145ca58316e8b21a10c6e2ca203bdf5565332105
[2018-04-01T14:22:57.672] [ERROR] cheese - 5c7859be6f58ffa6acc16c18634273f432f1048e
[2018-04-01T14:22:57.942] [ERROR] cheese - 633285835757faae6a52b621380c818ae1cc0cd2
[2018-04-01T14:22:59.547] [ERROR] cheese - 4c4ee58fde53b86111dd86fd96460281a02fd8b6
[2018-04-01T14:23:01.586] [ERROR] cheese - bf0e3ffdbfd8acccf61e51e94b360d03fe2c0fcc
[2018-04-01T14:23:01.589] [ERROR] cheese - dc8f744fd785d3c41acd93cfcffe5fae2d28fc48
[2018-04-01T14:23:01.589] [ERROR] cheese - f693e44f374b70ee5a49388282b41f9fc03b8ca0
[2018-04-01T14:23:01.589] [ERROR] cheese - b96f3559d9b25a5ba396dd169a39007d61f6129b
[2018-04-01T14:23:01.590] [ERROR] cheese - 5118cfd75c1fc32bf7ff64d28b41071964097915
[2018-04-01T14:23:01.590] [ERROR] cheese - 0ee1ca79fc31a9d76bdc400a2302749e06eb99fe
[2018-04-01T14:23:01.591] [ERROR] cheese - 9394756cc5a6ef2575bf8b0b7ae6422055d784db
[2018-04-01T14:23:32.377] [ERROR] cheese - 72aa4b9f9b7473ebd27ab87e4e102abb8fa1c50d
[2018-04-01T14:23:32.380] [ERROR] cheese - 37544e43d57606550e0a776089836d40f41a7f98
[2018-04-01T15:57:44.364] [ERROR] cheese - {"errcode":40001,"errmsg":"invalid credential, access_token is invalid or not latest hint: [ROCAPA0463vr65!]"}
[2018-04-01T15:58:06.554] [ERROR] cheese - {"errcode":40001,"errmsg":"invalid credential, access_token is invalid or not latest hint: [EaQkaA0485vr53!]"}
[2018-04-01T15:59:38.064] [ERROR] cheese - 6e77f2479c49868aac120fc941ecf738a3e03773
[2018-04-01T15:59:41.977] [ERROR] cheese - 7863b594d594acc7ed2b007c3c73f34978f209db
[2018-04-01T15:59:44.258] [ERROR] cheese - b7ffa08e9b8c5e9bab24fb93cea2f131da587ce7
[2018-04-01T15:59:49.167] [ERROR] cheese - e60e4c16c8edee261af6dc986d2a8c6010db5026
[2018-04-01T15:59:52.516] [ERROR] cheese - 4ab5c19afd767f66a5e0f54da3568a28c9cfbed5
[2018-04-01T15:59:56.374] [ERROR] cheese - 895ecd311c8251d66a8715a45fd3f3647853600a
[2018-04-01T15:59:59.049] [ERROR] cheese - 4f89d18ba20c90b5b872197a579ef7ccf8553ee8
[2018-04-01T15:59:59.050] [ERROR] cheese - 11844952b247c61fc8078ed962b939fa6956e5bb
[2018-04-01T15:59:59.050] [ERROR] cheese - bd5b69a46279a4415d29a661d42a7a7079f363c5
[2018-04-01T16:00:02.973] [ERROR] cheese - ed38203b436c87fdea1ecbe649c4ebf2fce43528
[2018-04-01T16:00:02.974] [ERROR] cheese - e3b43831720d352cc33b86ad7747f1af9f3c00f8
[2018-04-01T16:00:02.974] [ERROR] cheese - 15f18cb063a5aacc61f15c1f9b0d4b4766898fb7
[2018-04-01T16:00:02.975] [ERROR] cheese - 9c346711e09e8c5a074c7b9886c333c70ff61095
[2018-04-01T16:00:08.463] [ERROR] cheese - b3c1650c7638eec7016f24de3c1c89475d786361
[2018-04-01T16:00:18.324] [ERROR] cheese - b3c1650c7638eec7016f24de3c1c89475d786361
[2018-04-01T16:00:28.971] [ERROR] cheese - fa42f4db500dd4b054105a2c11048812cbf98e5d
[2018-04-01T16:00:35.022] [ERROR] cheese - 6c3cc6d5ba98039152611722b713435eac947535
[2018-04-01T16:00:35.023] [ERROR] cheese - 5c76eb8f971b192b3990c43c6c0751f06501b74a
[2018-04-01T16:00:35.555] [ERROR] cheese - ea53966491dc66a14e3ebd6713ceac1f7b8f6344
[2018-04-01T16:00:58.908] [ERROR] cheese - a862350a59f16012713cc7949d7582d750bd6f77
[2018-04-01T16:00:58.910] [ERROR] cheese - c7fcb23f700cf261e6521575a1eebc2f04e12407
[2018-04-01T16:01:06.991] [ERROR] cheese - 07649e4b8f70f164a440ca27986ba87eba937ace
[2018-04-01T16:01:40.031] [ERROR] cheese - f9d01fed60937c4180508718c6e8ac4d97133cea
[2018-04-01T16:01:40.032] [ERROR] cheese - 3655dab5790e1d08f087b2d0808459e026bd98bd
[2018-04-01T16:01:42.068] [ERROR] cheese - b1acd579e07d31d37d1fb59ee8c6e72117010cda
[2018-04-01T16:01:42.069] [ERROR] cheese - 209ca5ecbe1d8d6706c6c43173eae5f450d2be97
[2018-04-01T16:01:42.088] [ERROR] cheese - d0329217d0ca6a3f24967660d57a8f0a0b806dea
[2018-04-01T16:01:42.090] [ERROR] cheese - e88bbcd38d047059605fce12138ca3b5a057c9ef
[2018-04-01T16:01:42.090] [ERROR] cheese - b120eb6f4450b7ba25c9c22e5cf9066830a88416
[2018-04-01T16:01:42.091] [ERROR] cheese - 714f467c66714b4ed82f66f14051cf619086bcb8
[2018-04-01T16:01:44.016] [ERROR] cheese - cb4b3a379d95229f157ee08775d6ad48dd9438f3
[2018-04-01T16:01:44.017] [ERROR] cheese - c946aa99176745085202eff106b3d3305b76040c
[2018-04-01T16:01:46.708] [ERROR] cheese - 601d301f848ff841a41cf4009cd4dddc5231fd75
[2018-04-01T16:01:46.708] [ERROR] cheese - 7d5d8efb43864d75ba3098875154365127b441f9
[2018-04-01T16:01:46.709] [ERROR] cheese - 8decef7a08fdb58c4596e0b06c20f59924a48f0f
[2018-04-01T16:01:46.710] [ERROR] cheese - c6869c7c95df966afe6f88a8aa839cf6b1b797cb
[2018-04-01T16:01:48.435] [ERROR] cheese - d31e5349f4f823099303a16d08eec47c1c2ed9d4
[2018-04-01T16:01:49.320] [ERROR] cheese - 78a093cb9641f649965f03fd8c16754e16d4800e
[2018-04-01T16:01:49.321] [ERROR] cheese - dc04a1592ba4693d56c6c77f7f199110e3fc6b0b
[2018-04-01T16:01:53.135] [ERROR] cheese - e47e101cf75e6c71e438c4b072dd9e1cb03ee494
[2018-04-01T16:01:53.136] [ERROR] cheese - a1dca0108d2264c4a5b1f25368bf5ec78aa01ae3
[2018-04-01T16:01:53.137] [ERROR] cheese - 0244f89e9f8c58d6b9afd2c26d83370550a56457
[2018-04-01T16:01:53.137] [ERROR] cheese - 0bb360343fdab2fbe8d2e6e451684170d3edb0b4
[2018-04-01T16:01:53.470] [ERROR] cheese - fde75d3611b262b720e8a19c548042ab987d8465
[2018-04-01T16:01:53.471] [ERROR] cheese - 544f46cdba78f264f8b8fa044e70e7b7c7c08ef2
[2018-04-01T16:01:53.471] [ERROR] cheese - babfd44cb2de16ddedc9085f36ac24aa2196a7d7
[2018-04-01T16:01:53.472] [ERROR] cheese - b048f281dfaf408425758e20132da574e24a7c3b
[2018-04-01T16:01:53.473] [ERROR] cheese - 218d7faef6f4238ebd07e785fe5b9376f60c9ca9
[2018-04-01T16:01:53.473] [ERROR] cheese - fc555f08d8990dda26d483c0750793dcdc67d343
[2018-04-01T16:01:53.474] [ERROR] cheese - 9b223ff245870a285ccb6aaa591ff85335ae70d9
[2018-04-01T16:02:12.970] [ERROR] cheese - b3c1650c7638eec7016f24de3c1c89475d786361
[2018-04-01T16:02:25.012] [ERROR] cheese - 0867ab971a3505c89025ad5b99f6f693b227b301
[2018-04-01T16:02:45.544] [ERROR] cheese - {"errcode":40001,"errmsg":"invalid credential, access_token is invalid or not latest hint: [A41d4a0764vr43!]"}
[2018-04-01T16:04:14.214] [ERROR] cheese - {"errcode":40001,"errmsg":"invalid credential, access_token is invalid or not latest hint: [SjBkBA0853vr44!]"}
[2018-04-01T16:07:09.073] [ERROR] cheese - {"errcode":40001,"errmsg":"invalid credential, access_token is invalid or not latest hint: [WfRwuA0028vr58!]"}
[2018-04-01T16:10:06.470] [ERROR] cheese - {"errcode":40001,"errmsg":"invalid credential, access_token is invalid or not latest hint: [Vl4dAa0205vr44!]"}
[2018-04-01T16:10:31.651] [ERROR] cheese - {"errcode":40001,"errmsg":"invalid credential, access_token is invalid or not latest hint: [kSbSUA0230vr30!]"}
[2018-04-01T17:21:59.615] [ERROR] cheese - b3c1650c7638eec7016f24de3c1c89475d786361
[2018-04-02T10:23:35.593] [ERROR] cheese - c423ebd64d15c3b5bd4f23a9d2fd79fcbcbae371
[2018-04-02T10:23:36.374] [ERROR] cheese - 74b2fd358d9ad7ba45c3c9571bc28eb4c673347c
[2018-04-02T10:42:10.485] [ERROR] cheese - b3c1650c7638eec7016f24de3c1c89475d786361
